07/20/2022 12:57:09 PM INFO ********** Test_001_Login **********
07/20/2022 12:57:09 PM INFO ********** Verifying Home Page Title **********
07/20/2022 12:57:12 PM INFO ********** Home Page Title test is Passed **********
07/20/2022 12:57:14 PM INFO ********** Verifying Login Page Title **********
07/20/2022 12:57:23 PM INFO ********** Login test is Passed **********
07/20/2022 01:30:48 PM INFO ********** Test_001_Login **********
07/20/2022 01:30:48 PM INFO ********** Verifying Home Page Title **********
07/20/2022 01:30:54 PM INFO ********** Home Page Title test is Passed **********
07/20/2022 01:30:56 PM INFO ********** Verifying Login Page Title **********
07/20/2022 01:31:05 PM INFO ********** Login test is Passed **********
07/26/2022 10:05:45 AM INFO ********** Test_001_Login **********
07/26/2022 10:05:45 AM INFO ********** Verifying Home Page Title **********
07/26/2022 10:05:51 AM INFO ********** Home Page Title test is Passed **********
07/26/2022 10:05:52 AM INFO ********** Verifying Login Page Title **********
07/26/2022 10:05:58 AM INFO ********** Login test is Passed **********
07/26/2022 10:07:39 AM INFO ********** Test_001_Login **********
07/26/2022 10:07:39 AM INFO ********** Verifying Home Page Title **********
07/26/2022 10:07:44 AM INFO ********** Home Page Title test is Passed **********
07/26/2022 10:07:45 AM INFO ********** Verifying Login Page Title **********
07/26/2022 10:07:51 AM INFO ********** Login test is Passed **********
